# JRE version: Java(TM) SE Runtime Environment (8.0_45-b15) (build 1.8.0_45-b15)
# Java VM: Java HotSpot(TM) 64-Bit Server VM (25.45-b02 mixed mode windows-amd64 compressed oops)
Heap:
 PSYoungGen      total 97280K, used 21243K [0x00000000eab00000, 0x00000000f2280000, 0x0000000100000000)
  eden space 76800K, 27% used [0x00000000eab00000,0x00000000ebfbec00,0x00000000ef600000)
  from space 20480K, 0% used [0x00000000f0b80000,0x00000000f0b80000,0x00000000f1f80000)
  to   space 22016K, 0% used [0x00000000ef600000,0x00000000ef600000,0x00000000f0b80000)
 ParOldGen       total 73728K, used 35728K [0x00000000c0000000, 0x00000000c4800000, 0x00000000eab00000)
  object space 73728K, 48% used [0x00000000c0000000,0x00000000c22e4310,0x00000000c4800000)
 Metaspace       used 47929K, capacity 49002K, committed 49152K, reserved 1091584K
  class space    used 6545K, capacity 6825K, committed 6912K, reserved 1048576K
GC Heap History (10 events):
Event: 40.859 GC heap before
{Heap before GC invocations=17 (full 2):
 PSYoungGen      total 74240K, used 71825K [0x00000000eab00000, 0x00000000eff80000, 0x0000000100000000)
  eden space 66048K, 100% used [0x00000000eab00000,0x00000000eeb80000,0x00000000eeb80000)
  from space 8192K, 70% used [0x00000000ef780000,0x00000000efd246e8,0x00000000eff80000)
  to   space 10240K, 0% used [0x00000000eeb80000,0x00000000eeb80000,0x00000000ef580000)
 ParOldGen       total 73728K, used 21202K [0x00000000c0000000, 0x00000000c4800000, 0x00000000eab00000)
  object space 73728K, 28% used [0x00000000c0000000,0x00000000c14b4898,0x00000000c4800000)
 Metaspace       used 41032K, capacity 41844K, committed 41984K, reserved 1085440K
  class space    used 5589K, capacity 5795K, committed 5888K, reserved 1048576K
Event: 40.892 GC heap after
Heap after GC invocations=17 (full 2):
 PSYoungGen      total 76288K, used 10227K [0x00000000eab00000, 0x00000000f0b80000, 0x0000000100000000)
  eden space 66048K, 0% used [0x00000000eab00000,0x00000000eab00000,0x00000000eeb80000)
  from space 10240K, 99% used [0x00000000eeb80000,0x00000000ef57cfa8,0x00000000ef580000)
  to   space 11776K, 0% used [0x00000000f0000000,0x00000000f0000000,0x00000000f0b80000)
 ParOldGen       total 73728K, used 22428K [0x00000000c0000000, 0x00000000c4800000, 0x00000000eab00000)
  object space 73728K, 30% used [0x00000000c0000000,0x00000000c15e7288,0x00000000c4800000)
 Metaspace       used 41032K, capacity 41844K, committed 41984K, reserved 1085440K
  class space    used 5589K, capacity 5795K, committed 5888K, reserved 1048576K
}
Event: 47.129 GC heap before
{Heap before GC invocations=18 (full 2):
 PSYoungGen      total 76288K, used 76275K [0x00000000eab00000, 0x00000000f0b80000, 0x0000000100000000)
  eden space 66048K, 100% used [0x00000000eab00000,0x00000000eeb80000,0x00000000eeb80000)
  from space 10240K, 99% used [0x00000000eeb80000,0x00000000ef57cfa8,0x00000000ef580000)
  to   space 11776K, 0% used [0x00000000f0000000,0x00000000f0000000,0x00000000f0b80000)
 ParOldGen       total 73728K, used 22428K [0x00000000c0000000, 0x00000000c4800000, 0x00000000eab00000)
  object space 73728K, 30% used [0x00000000c0000000,0x00000000c15e7288,0x00000000c4800000)
 Metaspace       used 43679K, capacity 44610K, committed 44672K, reserved 1087488K
  class space    used 5999K, capacity 6237K, committed 6272K, reserved 1048576K
Event: 47.150 GC heap after
Heap after GC invocations=18 (full 2):
 PSYoungGen      total 83456K, used 11758K [0x00000000eab00000, 0x00000000f1200000, 0x0000000100000000)
  eden space 71680K, 0% used [0x00000000eab00000,0x00000000eab00000,0x00000000ef100000)
  from space 11776K, 99% used [0x00000000f0000000,0x00000000f0b7bb28,0x00000000f0b80000)
  to   space 15360K, 0% used [0x00000000ef100000,0x00000000ef100000,0x00000000f0000000)
 ParOldGen       total 73728K, used 28061K [0x00000000c0000000, 0x00000000c4800000, 0x00000000eab00000)
  object space 73728K, 38% used [0x00000000c0000000,0x00000000c1b67428,0x00000000c4800000)
 Metaspace       used 43679K, capacity 44610K, committed 44672K, reserved 1087488K
  class space    used 5999K, capacity 6237K, committed 6272K, reserved 1048576K
}
Event: 53.077 GC heap before
{Heap before GC invocations=19 (full 2):
 PSYoungGen      total 83456K, used 81760K [0x00000000eab00000, 0x00000000f1200000, 0x0000000100000000)
  eden space 71680K, 97% used [0x00000000eab00000,0x00000000eef5c678,0x00000000ef100000)
  from space 11776K, 99% used [0x00000000f0000000,0x00000000f0b7bb28,0x00000000f0b80000)
  to   space 15360K, 0% used [0x00000000ef100000,0x00000000ef100000,0x00000000f0000000)
 ParOldGen       total 73728K, used 28061K [0x00000000c0000000, 0x00000000c4800000, 0x00000000eab00000)
  object space 73728K, 38% used [0x00000000c0000000,0x00000000c1b67428,0x00000000c4800000)
 Metaspace       used 46029K, capacity 46982K, committed 47104K, reserved 1089536K
  class space    used 6293K, capacity 6575K, committed 6656K, reserved 1048576K
Event: 53.115 GC heap after
Heap after GC invocations=19 (full 2):
 PSYoungGen      total 87040K, used 15352K [0x00000000eab00000, 0x00000000f1f80000, 0x0000000100000000)
  eden space 71680K, 0% used [0x00000000eab00000,0x00000000eab00000,0x00000000ef100000)
  from space 15360K, 99% used [0x00000000ef100000,0x00000000efffe328,0x00000000f0000000)
  to   space 20480K, 0% used [0x00000000f0b80000,0x00000000f0b80000,0x00000000f1f80000)
 ParOldGen       total 73728K, used 35402K [0x00000000c0000000, 0x00000000c4800000, 0x00000000eab00000)
  object space 73728K, 48% used [0x00000000c0000000,0x00000000c22929a0,0x00000000c4800000)
 Metaspace       used 46029K, capacity 46982K, committed 47104K, reserved 1089536K
  class space    used 6293K, capacity 6575K, committed 6656K, reserved 1048576K
}
Event: 71.494 GC heap before
{Heap before GC invocations=20 (full 2):
 PSYoungGen      total 87040K, used 69254K [0x00000000eab00000, 0x00000000f1f80000, 0x0000000100000000)
  eden space 71680K, 75% used [0x00000000eab00000,0x00000000edfa3708,0x00000000ef100000)
  from space 15360K, 99% used [0x00000000ef100000,0x00000000efffe328,0x00000000f0000000)
  to   space 20480K, 0% used [0x00000000f0b80000,0x00000000f0b80000,0x00000000f1f80000)
 ParOldGen       total 73728K, used 35402K [0x00000000c0000000, 0x00000000c4800000, 0x00000000eab00000)
  object space 73728K, 48% used [0x00000000c0000000,0x00000000c22929a0,0x00000000c4800000)
 Metaspace       used 47691K, capacity 48656K, committed 48896K, reserved 1091584K
  class space    used 6530K, capacity 6806K, committed 6912K, reserved 1048576K
Event: 71.524 GC heap after
Heap after GC invocations=20 (full 2):
 PSYoungGen      total 97280K, used 15657K [0x00000000eab00000, 0x00000000f2280000, 0x0000000100000000)
  eden space 76800K, 0% used [0x00000000eab00000,0x00000000eab00000,0x00000000ef600000)
  from space 20480K, 76% used [0x00000000f0b80000,0x00000000f1aca550,0x00000000f1f80000)
  to   space 22016K, 0% used [0x00000000ef600000,0x00000000ef600000,0x00000000f0b80000)
 ParOldGen       total 73728K, used 35410K [0x00000000c0000000, 0x00000000c4800000, 0x00000000eab00000)
  object space 73728K, 48% used [0x00000000c0000000,0x00000000c22949a0,0x00000000c4800000)
 Metaspace       used 47691K, capacity 48656K, committed 48896K, reserved 1091584K
  class space    used 6530K, capacity 6806K, committed 6912K, reserved 1048576K
}
Event: 71.524 GC heap before
{Heap before GC invocations=21 (full 3):
 PSYoungGen      total 97280K, used 15657K [0x00000000eab00000, 0x00000000f2280000, 0x0000000100000000)
  eden space 76800K, 0% used [0x00000000eab00000,0x00000000eab00000,0x00000000ef600000)
  from space 20480K, 76% used [0x00000000f0b80000,0x00000000f1aca550,0x00000000f1f80000)
  to   space 22016K, 0% used [0x00000000ef600000,0x00000000ef600000,0x00000000f0b80000)
 ParOldGen       total 73728K, used 35410K [0x00000000c0000000, 0x00000000c4800000, 0x00000000eab00000)
  object space 73728K, 48% used [0x00000000c0000000,0x00000000c22949a0,0x00000000c4800000)
 Metaspace       used 47691K, capacity 48656K, committed 48896K, reserved 1091584K
  class space    used 6530K, capacity 6806K, committed 6912K, reserved 1048576K
Event: 71.890 GC heap after
Heap after GC invocations=21 (full 3):
 PSYoungGen      total 97280K, used 0K [0x00000000eab00000, 0x00000000f2280000, 0x0000000100000000)
  eden space 76800K, 0% used [0x00000000eab00000,0x00000000eab00000,0x00000000ef600000)
  from space 20480K, 0% used [0x00000000f0b80000,0x00000000f0b80000,0x00000000f1f80000)
  to   space 22016K, 0% used [0x00000000ef600000,0x00000000ef600000,0x00000000f0b80000)
 ParOldGen       total 73728K, used 35728K [0x00000000c0000000, 0x00000000c4800000, 0x00000000eab00000)
  object space 73728K, 48% used [0x00000000c0000000,0x00000000c22e4310,0x00000000c4800000)
 Metaspace       used 47691K, capacity 48656K, committed 48896K, reserved 1091584K
  class space    used 6530K, capacity 6806K, committed 6912K, reserved 1048576K
}

