# JRE version: Java(TM) SE Runtime Environment (8.0_45-b15) (build 1.8.0_45-b15)
# Java VM: Java HotSpot(TM) 64-Bit Server VM (25.45-b02 mixed mode windows-amd64 compressed oops)
Heap:
 PSYoungGen      total 120832K, used 68749K [0x00000000eab00000, 0x00000000f3280000, 0x0000000100000000)
  eden space 106496K, 51% used [0x00000000eab00000,0x00000000ee025a40,0x00000000f1300000)
  from space 14336K, 99% used [0x00000000f1300000,0x00000000f20fdd78,0x00000000f2100000)
  to   space 9728K, 0% used [0x00000000f2100000,0x00000000f2100000,0x00000000f2a80000)
 ParOldGen       total 51712K, used 25586K [0x00000000c0000000, 0x00000000c3280000, 0x00000000eab00000)
  object space 51712K, 49% used [0x00000000c0000000,0x00000000c18fc8f0,0x00000000c3280000)
 Metaspace       used 6481K, capacity 7256K, committed 7424K, reserved 1058816K
  class space    used 617K, capacity 656K, committed 768K, reserved 1048576K
GC Heap History (10 events):
Event: 4.176 GC heap before
{Heap before GC invocations=7 (full 1):
 PSYoungGen      total 33792K, used 33784K [0x00000000eab00000, 0x00000000ef400000, 0x0000000100000000)
  eden space 31232K, 100% used [0x00000000eab00000,0x00000000ec980000,0x00000000ec980000)
  from space 2560K, 99% used [0x00000000ec980000,0x00000000ecbfe158,0x00000000ecc00000)
  to   space 7680K, 0% used [0x00000000eec80000,0x00000000eec80000,0x00000000ef400000)
 ParOldGen       total 21504K, used 9309K [0x00000000c0000000, 0x00000000c1500000, 0x00000000eab00000)
  object space 21504K, 43% used [0x00000000c0000000,0x00000000c09175c0,0x00000000c1500000)
 Metaspace       used 6253K, capacity 7088K, committed 7296K, reserved 1058816K
  class space    used 597K, capacity 616K, committed 640K, reserved 1048576K
Event: 4.252 GC heap after
Heap after GC invocations=7 (full 1):
 PSYoungGen      total 65536K, used 7480K [0x00000000eab00000, 0x00000000ef680000, 0x0000000100000000)
  eden space 57856K, 0% used [0x00000000eab00000,0x00000000eab00000,0x00000000ee380000)
  from space 7680K, 97% used [0x00000000eec80000,0x00000000ef3ce168,0x00000000ef400000)
  to   space 9216K, 0% used [0x00000000ee380000,0x00000000ee380000,0x00000000eec80000)
 ParOldGen       total 21504K, used 9309K [0x00000000c0000000, 0x00000000c1500000, 0x00000000eab00000)
  object space 21504K, 43% used [0x00000000c0000000,0x00000000c09175c0,0x00000000c1500000)
 Metaspace       used 6253K, capacity 7088K, committed 7296K, reserved 1058816K
  class space    used 597K, capacity 616K, committed 640K, reserved 1048576K
}
Event: 4.357 GC heap before
{Heap before GC invocations=8 (full 1):
 PSYoungGen      total 65536K, used 8552K [0x00000000eab00000, 0x00000000ef680000, 0x0000000100000000)
  eden space 57856K, 1% used [0x00000000eab00000,0x00000000eac0bf30,0x00000000ee380000)
  from space 7680K, 97% used [0x00000000eec80000,0x00000000ef3ce168,0x00000000ef400000)
  to   space 9216K, 0% used [0x00000000ee380000,0x00000000ee380000,0x00000000eec80000)
 ParOldGen       total 21504K, used 9309K [0x00000000c0000000, 0x00000000c1500000, 0x00000000eab00000)
  object space 21504K, 43% used [0x00000000c0000000,0x00000000c09175c0,0x00000000c1500000)
 Metaspace       used 6254K, capacity 7088K, committed 7296K, reserved 1058816K
  class space    used 597K, capacity 616K, committed 640K, reserved 1048576K
Event: 4.422 GC heap after
Heap after GC invocations=8 (full 1):
 PSYoungGen      total 67072K, used 7416K [0x00000000eab00000, 0x00000000f2a80000, 0x0000000100000000)
  eden space 57856K, 0% used [0x00000000eab00000,0x00000000eab00000,0x00000000ee380000)
  from space 9216K, 80% used [0x00000000ee380000,0x00000000eeabe168,0x00000000eec80000)
  to   space 9728K, 0% used [0x00000000f2100000,0x00000000f2100000,0x00000000f2a80000)
 ParOldGen       total 21504K, used 9309K [0x00000000c0000000, 0x00000000c1500000, 0x00000000eab00000)
  object space 21504K, 43% used [0x00000000c0000000,0x00000000c09175c0,0x00000000c1500000)
 Metaspace       used 6254K, capacity 7088K, committed 7296K, reserved 1058816K
  class space    used 597K, capacity 616K, committed 640K, reserved 1048576K
}
Event: 6.762 GC heap before
{Heap before GC invocations=9 (full 1):
 PSYoungGen      total 67072K, used 65272K [0x00000000eab00000, 0x00000000f2a80000, 0x0000000100000000)
  eden space 57856K, 100% used [0x00000000eab00000,0x00000000ee380000,0x00000000ee380000)
  from space 9216K, 80% used [0x00000000ee380000,0x00000000eeabe168,0x00000000eec80000)
  to   space 9728K, 0% used [0x00000000f2100000,0x00000000f2100000,0x00000000f2a80000)
 ParOldGen       total 21504K, used 9309K [0x00000000c0000000, 0x00000000c1500000, 0x00000000eab00000)
  object space 21504K, 43% used [0x00000000c0000000,0x00000000c09175c0,0x00000000c1500000)
 Metaspace       used 6298K, capacity 7152K, committed 7296K, reserved 1058816K
  class space    used 597K, capacity 616K, committed 640K, reserved 1048576K
Event: 6.825 GC heap after
Heap after GC invocations=9 (full 1):
 PSYoungGen      total 116224K, used 9701K [0x00000000eab00000, 0x00000000f3280000, 0x0000000100000000)
  eden space 106496K, 0% used [0x00000000eab00000,0x00000000eab00000,0x00000000f1300000)
  from space 9728K, 99% used [0x00000000f2100000,0x00000000f2a79770,0x00000000f2a80000)
  to   space 14336K, 0% used [0x00000000f1300000,0x00000000f1300000,0x00000000f2100000)
 ParOldGen       total 21504K, used 16026K [0x00000000c0000000, 0x00000000c1500000, 0x00000000eab00000)
  object space 21504K, 74% used [0x00000000c0000000,0x00000000c0fa6aa8,0x00000000c1500000)
 Metaspace       used 6298K, capacity 7152K, committed 7296K, reserved 1058816K
  class space    used 597K, capacity 616K, committed 640K, reserved 1048576K
}
Event: 6.825 GC heap before
{Heap before GC invocations=10 (full 2):
 PSYoungGen      total 116224K, used 9701K [0x00000000eab00000, 0x00000000f3280000, 0x0000000100000000)
  eden space 106496K, 0% used [0x00000000eab00000,0x00000000eab00000,0x00000000f1300000)
  from space 9728K, 99% used [0x00000000f2100000,0x00000000f2a79770,0x00000000f2a80000)
  to   space 14336K, 0% used [0x00000000f1300000,0x00000000f1300000,0x00000000f2100000)
 ParOldGen       total 21504K, used 16026K [0x00000000c0000000, 0x00000000c1500000, 0x00000000eab00000)
  object space 21504K, 74% used [0x00000000c0000000,0x00000000c0fa6aa8,0x00000000c1500000)
 Metaspace       used 6298K, capacity 7152K, committed 7296K, reserved 1058816K
  class space    used 597K, capacity 616K, committed 640K, reserved 1048576K
Event: 7.410 GC heap after
Heap after GC invocations=10 (full 2):
 PSYoungGen      total 116224K, used 3492K [0x00000000eab00000, 0x00000000f3280000, 0x0000000100000000)
  eden space 106496K, 0% used [0x00000000eab00000,0x00000000eab00000,0x00000000f1300000)
  from space 9728K, 35% used [0x00000000f2100000,0x00000000f24693b8,0x00000000f2a80000)
  to   space 14336K, 0% used [0x00000000f1300000,0x00000000f1300000,0x00000000f2100000)
 ParOldGen       total 51712K, used 21234K [0x00000000c0000000, 0x00000000c3280000, 0x00000000eab00000)
  object space 51712K, 41% used [0x00000000c0000000,0x00000000c14bc8e8,0x00000000c3280000)
 Metaspace       used 6298K, capacity 7152K, committed 7296K, reserved 1058816K
  class space    used 597K, capacity 616K, committed 640K, reserved 1048576K
}
Event: 8.529 GC heap before
{Heap before GC invocations=11 (full 2):
 PSYoungGen      total 116224K, used 109988K [0x00000000eab00000, 0x00000000f3280000, 0x0000000100000000)
  eden space 106496K, 100% used [0x00000000eab00000,0x00000000f1300000,0x00000000f1300000)
  from space 9728K, 35% used [0x00000000f2100000,0x00000000f24693b8,0x00000000f2a80000)
  to   space 14336K, 0% used [0x00000000f1300000,0x00000000f1300000,0x00000000f2100000)
 ParOldGen       total 51712K, used 21234K [0x00000000c0000000, 0x00000000c3280000, 0x00000000eab00000)
  object space 51712K, 41% used [0x00000000c0000000,0x00000000c14bc8e8,0x00000000c3280000)
 Metaspace       used 6472K, capacity 7256K, committed 7424K, reserved 1058816K
  class space    used 617K, capacity 656K, committed 768K, reserved 1048576K
Event: 8.587 GC heap after
Heap after GC invocations=11 (full 2):
 PSYoungGen      total 120832K, used 14327K [0x00000000eab00000, 0x00000000f3280000, 0x0000000100000000)
  eden space 106496K, 0% used [0x00000000eab00000,0x00000000eab00000,0x00000000f1300000)
  from space 14336K, 99% used [0x00000000f1300000,0x00000000f20fdd78,0x00000000f2100000)
  to   space 9728K, 0% used [0x00000000f2100000,0x00000000f2100000,0x00000000f2a80000)
 ParOldGen       total 51712K, used 25586K [0x00000000c0000000, 0x00000000c3280000, 0x00000000eab00000)
  object space 51712K, 49% used [0x00000000c0000000,0x00000000c18fc8f0,0x00000000c3280000)
 Metaspace       used 6472K, capacity 7256K, committed 7424K, reserved 1058816K
  class space    used 617K, capacity 656K, committed 768K, reserved 1048576K
}

