# JRE version: Java(TM) SE Runtime Environment (8.0_45-b15) (build 1.8.0_45-b15)
# Java VM: Java HotSpot(TM) 64-Bit Server VM (25.45-b02 mixed mode windows-amd64 compressed oops)
Heap:
 PSYoungGen      total 101376K, used 62340K [0x00000000eab00000, 0x00000000f2a80000, 0x0000000100000000)
  eden space 75264K, 74% used [0x00000000eab00000,0x00000000ee1d3080,0x00000000ef480000)
  from space 26112K, 23% used [0x00000000f1100000,0x00000000f170e2a0,0x00000000f2a80000)
  to   space 27648K, 0% used [0x00000000ef480000,0x00000000ef480000,0x00000000f0f80000)
 ParOldGen       total 68608K, used 43187K [0x00000000c0000000, 0x00000000c4300000, 0x00000000eab00000)
  object space 68608K, 62% used [0x00000000c0000000,0x00000000c2a2ce78,0x00000000c4300000)
 Metaspace       used 50150K, capacity 51740K, committed 51840K, reserved 1093632K
  class space    used 6808K, capacity 7211K, committed 7296K, reserved 1048576K
GC Heap History (10 events):
Event: 44.652 GC heap before
{Heap before GC invocations=29 (full 2):
 PSYoungGen      total 78848K, used 78819K [0x00000000eab00000, 0x00000000f1380000, 0x0000000100000000)
  eden space 61952K, 100% used [0x00000000eab00000,0x00000000ee780000,0x00000000ee780000)
  from space 16896K, 99% used [0x00000000efb80000,0x00000000f0bf8e10,0x00000000f0c00000)
  to   space 20480K, 0% used [0x00000000ee780000,0x00000000ee780000,0x00000000efb80000)
 ParOldGen       total 68608K, used 19822K [0x00000000c0000000, 0x00000000c4300000, 0x00000000eab00000)
  object space 68608K, 28% used [0x00000000c0000000,0x00000000c135b8b8,0x00000000c4300000)
 Metaspace       used 47908K, capacity 49092K, committed 49408K, reserved 1091584K
  class space    used 6547K, capacity 6839K, committed 6912K, reserved 1048576K
Event: 44.707 GC heap after
Heap after GC invocations=29 (full 2):
 PSYoungGen      total 82432K, used 20448K [0x00000000eab00000, 0x00000000f2080000, 0x0000000100000000)
  eden space 61952K, 0% used [0x00000000eab00000,0x00000000eab00000,0x00000000ee780000)
  from space 20480K, 99% used [0x00000000ee780000,0x00000000efb780b0,0x00000000efb80000)
  to   space 24576K, 0% used [0x00000000f0880000,0x00000000f0880000,0x00000000f2080000)
 ParOldGen       total 68608K, used 22806K [0x00000000c0000000, 0x00000000c4300000, 0x00000000eab00000)
  object space 68608K, 33% used [0x00000000c0000000,0x00000000c1645a48,0x00000000c4300000)
 Metaspace       used 47908K, capacity 49092K, committed 49408K, reserved 1091584K
  class space    used 6547K, capacity 6839K, committed 6912K, reserved 1048576K
}
Event: 45.305 GC heap before
{Heap before GC invocations=30 (full 2):
 PSYoungGen      total 82432K, used 54057K [0x00000000eab00000, 0x00000000f2080000, 0x0000000100000000)
  eden space 61952K, 54% used [0x00000000eab00000,0x00000000ecbd2580,0x00000000ee780000)
  from space 20480K, 99% used [0x00000000ee780000,0x00000000efb780b0,0x00000000efb80000)
  to   space 24576K, 0% used [0x00000000f0880000,0x00000000f0880000,0x00000000f2080000)
 ParOldGen       total 68608K, used 22806K [0x00000000c0000000, 0x00000000c4300000, 0x00000000eab00000)
  object space 68608K, 33% used [0x00000000c0000000,0x00000000c1645a48,0x00000000c4300000)
 Metaspace       used 48906K, capacity 50302K, committed 50432K, reserved 1093632K
  class space    used 6694K, capacity 7090K, committed 7168K, reserved 1048576K
Event: 45.355 GC heap after
Heap after GC invocations=30 (full 2):
 PSYoungGen      total 91648K, used 24566K [0x00000000eab00000, 0x00000000f2880000, 0x0000000100000000)
  eden space 67072K, 0% used [0x00000000eab00000,0x00000000eab00000,0x00000000eec80000)
  from space 24576K, 99% used [0x00000000f0880000,0x00000000f207daf8,0x00000000f2080000)
  to   space 28672K, 0% used [0x00000000eec80000,0x00000000eec80000,0x00000000f0880000)
 ParOldGen       total 68608K, used 22857K [0x00000000c0000000, 0x00000000c4300000, 0x00000000eab00000)
  object space 68608K, 33% used [0x00000000c0000000,0x00000000c16527f8,0x00000000c4300000)
 Metaspace       used 48906K, capacity 50302K, committed 50432K, reserved 1093632K
  class space    used 6694K, capacity 7090K, committed 7168K, reserved 1048576K
}
Event: 45.355 GC heap before
{Heap before GC invocations=31 (full 3):
 PSYoungGen      total 91648K, used 24566K [0x00000000eab00000, 0x00000000f2880000, 0x0000000100000000)
  eden space 67072K, 0% used [0x00000000eab00000,0x00000000eab00000,0x00000000eec80000)
  from space 24576K, 99% used [0x00000000f0880000,0x00000000f207daf8,0x00000000f2080000)
  to   space 28672K, 0% used [0x00000000eec80000,0x00000000eec80000,0x00000000f0880000)
 ParOldGen       total 68608K, used 22857K [0x00000000c0000000, 0x00000000c4300000, 0x00000000eab00000)
  object space 68608K, 33% used [0x00000000c0000000,0x00000000c16527f8,0x00000000c4300000)
 Metaspace       used 48906K, capacity 50302K, committed 50432K, reserved 1093632K
  class space    used 6694K, capacity 7090K, committed 7168K, reserved 1048576K
Event: 45.823 GC heap after
Heap after GC invocations=31 (full 3):
 PSYoungGen      total 91648K, used 0K [0x00000000eab00000, 0x00000000f2880000, 0x0000000100000000)
  eden space 67072K, 0% used [0x00000000eab00000,0x00000000eab00000,0x00000000eec80000)
  from space 24576K, 0% used [0x00000000f0880000,0x00000000f0880000,0x00000000f2080000)
  to   space 28672K, 0% used [0x00000000eec80000,0x00000000eec80000,0x00000000f0880000)
 ParOldGen       total 68608K, used 43171K [0x00000000c0000000, 0x00000000c4300000, 0x00000000eab00000)
  object space 68608K, 62% used [0x00000000c0000000,0x00000000c2a28e78,0x00000000c4300000)
 Metaspace       used 48906K, capacity 50302K, committed 50432K, reserved 1093632K
  class space    used 6694K, capacity 7090K, committed 7168K, reserved 1048576K
}
Event: 60.117 GC heap before
{Heap before GC invocations=32 (full 3):
 PSYoungGen      total 91648K, used 67072K [0x00000000eab00000, 0x00000000f2880000, 0x0000000100000000)
  eden space 67072K, 100% used [0x00000000eab00000,0x00000000eec80000,0x00000000eec80000)
  from space 24576K, 0% used [0x00000000f0880000,0x00000000f0880000,0x00000000f2080000)
  to   space 28672K, 0% used [0x00000000eec80000,0x00000000eec80000,0x00000000f0880000)
 ParOldGen       total 68608K, used 43171K [0x00000000c0000000, 0x00000000c4300000, 0x00000000eab00000)
  object space 68608K, 62% used [0x00000000c0000000,0x00000000c2a28e78,0x00000000c4300000)
 Metaspace       used 49347K, capacity 50888K, committed 50944K, reserved 1093632K
  class space    used 6717K, capacity 7117K, committed 7168K, reserved 1048576K
Event: 60.162 GC heap after
Heap after GC invocations=32 (full 3):
 PSYoungGen      total 95744K, used 2913K [0x00000000eab00000, 0x00000000f2d00000, 0x0000000100000000)
  eden space 67072K, 0% used [0x00000000eab00000,0x00000000eab00000,0x00000000eec80000)
  from space 28672K, 10% used [0x00000000eec80000,0x00000000eef587a0,0x00000000f0880000)
  to   space 28672K, 0% used [0x00000000f1100000,0x00000000f1100000,0x00000000f2d00000)
 ParOldGen       total 68608K, used 43179K [0x00000000c0000000, 0x00000000c4300000, 0x00000000eab00000)
  object space 68608K, 62% used [0x00000000c0000000,0x00000000c2a2ae78,0x00000000c4300000)
 Metaspace       used 49347K, capacity 50888K, committed 50944K, reserved 1093632K
  class space    used 6717K, capacity 7117K, committed 7168K, reserved 1048576K
}
Event: 60.972 GC heap before
{Heap before GC invocations=33 (full 3):
 PSYoungGen      total 95744K, used 69985K [0x00000000eab00000, 0x00000000f2d00000, 0x0000000100000000)
  eden space 67072K, 100% used [0x00000000eab00000,0x00000000eec80000,0x00000000eec80000)
  from space 28672K, 10% used [0x00000000eec80000,0x00000000eef587a0,0x00000000f0880000)
  to   space 28672K, 0% used [0x00000000f1100000,0x00000000f1100000,0x00000000f2d00000)
 ParOldGen       total 68608K, used 43179K [0x00000000c0000000, 0x00000000c4300000, 0x00000000eab00000)
  object space 68608K, 62% used [0x00000000c0000000,0x00000000c2a2ae78,0x00000000c4300000)
 Metaspace       used 49447K, capacity 50988K, committed 51200K, reserved 1093632K
  class space    used 6720K, capacity 7123K, committed 7168K, reserved 1048576K
Event: 60.978 GC heap after
Heap after GC invocations=33 (full 3):
 PSYoungGen      total 101376K, used 6200K [0x00000000eab00000, 0x00000000f2a80000, 0x0000000100000000)
  eden space 75264K, 0% used [0x00000000eab00000,0x00000000eab00000,0x00000000ef480000)
  from space 26112K, 23% used [0x00000000f1100000,0x00000000f170e2a0,0x00000000f2a80000)
  to   space 27648K, 0% used [0x00000000ef480000,0x00000000ef480000,0x00000000f0f80000)
 ParOldGen       total 68608K, used 43187K [0x00000000c0000000, 0x00000000c4300000, 0x00000000eab00000)
  object space 68608K, 62% used [0x00000000c0000000,0x00000000c2a2ce78,0x00000000c4300000)
 Metaspace       used 49447K, capacity 50988K, committed 51200K, reserved 1093632K
  class space    used 6720K, capacity 7123K, committed 7168K, reserved 1048576K
}

